PDOException: SQLSTATE[HY000]: General error: 1364 Field 'result' doesn't have a default value in /Applications/MAMP/htdocs/test/UserLogic.php:27
Stack trace:
#0 /Applications/MAMP/htdocs/test/UserLogic.php(27): PDOStatement->execute(Array)
#1 /Applications/MAMP/htdocs/test/register.php(34): UserLogic::createUser(Array)
#2 {main}PDOException: SQLSTATE[HY000]: General error: 1364 Field 'result' doesn't have a default value in /Applications/MAMP/htdocs/test/UserLogic.php:26
Stack trace:
#0 /Applications/MAMP/htdocs/test/UserLogic.php(26): PDOStatement->execute(Array)
#1 /Applications/MAMP/htdocs/test/register.php(34): UserLogic::createUser(Array)
#2 {main}PDOException: SQLSTATE[HY000]: General error: 1364 Field 'result' doesn't have a default value in /Applications/MAMP/htdocs/test/UserLogic.php:26
Stack trace:
#0 /Applications/MAMP/htdocs/test/UserLogic.php(26): PDOStatement->execute(Array)
#1 /Applications/MAMP/htdocs/test/register.php(34): UserLogic::createUser(Array)
#2 {main}PDOException: SQLSTATE[HY000]: General error: 1364 Field 'result' doesn't have a default value in /Applications/MAMP/htdocs/test/UserLogic.php:26
Stack trace:
#0 /Applications/MAMP/htdocs/test/UserLogic.php(26): PDOStatement->execute(Array)
#1 /Applications/MAMP/htdocs/test/register.php(34): UserLogic::createUser(Array)
#2 {main}PDOException: SQLSTATE[HY000]: General error: 1364 Field 'result' doesn't have a default value in /Applications/MAMP/htdocs/test/UserLogic.php:26
Stack trace:
#0 /Applications/MAMP/htdocs/test/UserLogic.php(26): PDOStatement->execute(Array)
#1 /Applications/MAMP/htdocs/test/register.php(34): UserLogic::createUser(Array)
#2 {main}